1603143761008	geckodriver	INFO	Listening on 127.0.0.1:58207
1603143764668	mozrunner::runner	INFO	Running command: "C:\\Program Files\\Mozilla Firefox\\firefox.exe" "--marionette" "-foreground" "-no-remote" "-profile" "C:\\Users\\lexsh\\AppData\\Local\\Temp\\rust_mozprofilevP8ijZ"
Can't find symbol 'eglSwapBuffersWithDamageEXT'.
JavaScript error: resource://gre/modules/XULStore.jsm, line 66: Error: Can't find profile directory.
JavaScript error: moz-extension://bcd6a1e8-0b79-4f07-b277-fe028ee0ec4c/content/staticNS.js, line 77: ReferenceError: policy is not defined
JavaScript error: , line 0: uncaught exception: Object
JavaScript error: , line 0: TypeError: can't access dead object
extension-storage: migration complete
1603143768188	Marionette	INFO	Listening on port 58226
1603143768333	Marionette	WARN	TLS certificate errors will be ignored for this session
console.error: Region.jsm: "Error fetching region" (new AbortError("The operation was aborted. ", (void 0), 697))
console.error: Region.jsm: "Failed to fetch region" (new Error("NO_RESULT", "resource://gre/modules/Region.jsm", 351))
[Parent 2640, Gecko_IOThread] WARNING: file /builds/worker/checkouts/gecko/ipc/chromium/src/base/process_util_win.cc, line 166
1603143806583	Marionette	INFO	Stopped listening on port 58226

###!!! [Child][RunMessage] Error: Channel closing: too late to send/recv, messages will be lost


###!!! [Child][MessageChannel::SendAndWait] Error: Channel error: cannot send/recv

1603143824668	geckodriver	INFO	Listening on 127.0.0.1:58416
1603143828246	mozrunner::runner	INFO	Running command: "C:\\Program Files\\Mozilla Firefox\\firefox.exe" "--marionette" "-foreground" "-no-remote" "-profile" "C:\\Users\\lexsh\\AppData\\Local\\Temp\\rust_mozprofileJ7df9A"
Can't find symbol 'eglSwapBuffersWithDamageEXT'.
JavaScript error: resource://gre/modules/XULStore.jsm, line 66: Error: Can't find profile directory.
JavaScript error: moz-extension://bcd6a1e8-0b79-4f07-b277-fe028ee0ec4c/content/staticNS.js, line 77: ReferenceError: policy is not defined
JavaScript error: resource://gre/modules/ExtensionContent.jsm, line 483: TypeError: window is null
extension-storage: migration complete
1603143831510	Marionette	INFO	Listening on port 58431
1603143831912	Marionette	WARN	TLS certificate errors will be ignored for this session
console.error: Region.jsm: "Error fetching region" (new AbortError("The operation was aborted. ", (void 0), 697))
console.error: Region.jsm: "Failed to fetch region" (new Error("NO_RESULT", "resource://gre/modules/Region.jsm", 351))
[Parent 22904, Gecko_IOThread] WARNING: file /builds/worker/checkouts/gecko/ipc/chromium/src/base/process_util_win.cc, line 166
1603143909234	Marionette	INFO	Stopped listening on port 58431

###!!! [Child][RunMessage] Error: Channel closing: too late to send/recv, messages will be lost


###!!! [Child][MessageChannel::SendAndWait] Error: Channel error: cannot send/recv

1603143917845	geckodriver	INFO	Listening on 127.0.0.1:58654
1603143921423	mozrunner::runner	INFO	Running command: "C:\\Program Files\\Mozilla Firefox\\firefox.exe" "--marionette" "-foreground" "-no-remote" "-profile" "C:\\Users\\lexsh\\AppData\\Local\\Temp\\rust_mozprofileakLrRU"
Can't find symbol 'eglSwapBuffersWithDamageEXT'.
JavaScript error: resource://gre/modules/XULStore.jsm, line 66: Error: Can't find profile directory.
JavaScript error: moz-extension://bcd6a1e8-0b79-4f07-b277-fe028ee0ec4c/content/staticNS.js, line 77: ReferenceError: policy is not defined
JavaScript error: resource://gre/modules/ExtensionContent.jsm, line 483: TypeError: window is null
extension-storage: migration complete
1603143924376	Marionette	INFO	Listening on port 58672
1603143924579	Marionette	WARN	TLS certificate errors will be ignored for this session
console.error: Region.jsm: "Error fetching region" (new AbortError("The operation was aborted. ", (void 0), 697))
console.error: Region.jsm: "Failed to fetch region" (new Error("NO_RESULT", "resource://gre/modules/Region.jsm", 351))
JavaScript error: https://www.meuip.com.br/vendor/chart.js/Chart.min.js, line 10: TypeError: t is null
JavaScript error: https://pagead2.googlesyndication.com/pagead/js/adsbygoogle.js, line 70: uncaught exception: TagError: adsbygoogle.push() error: Only one 'enable_page_level_ads' allowed per page.
Can't find symbol 'eglSwapBuffersWithDamageEXT'.
1603144352087	Marionette	INFO	Stopped listening on port 58672

###!!! [Child][MessageChannel::SendAndWait] Error: Channel error: cannot send/recv

1603144435084	geckodriver	INFO	Listening on 127.0.0.1:59599
1603144438707	mozrunner::runner	INFO	Running command: "C:\\Program Files\\Mozilla Firefox\\firefox.exe" "--marionette" "-foreground" "-no-remote" "-profile" "C:\\Users\\lexsh\\AppData\\Local\\Temp\\rust_mozprofileeIC5ZN"
Can't find symbol 'eglSwapBuffersWithDamageEXT'.
JavaScript error: resource://gre/modules/XULStore.jsm, line 66: Error: Can't find profile directory.
JavaScript error: moz-extension://bcd6a1e8-0b79-4f07-b277-fe028ee0ec4c/content/staticNS.js, line 77: ReferenceError: policy is not defined
JavaScript error: resource://gre/modules/ExtensionContent.jsm, line 483: TypeError: window is null
extension-storage: migration complete
1603144441730	Marionette	INFO	Listening on port 59614
1603144441861	Marionette	WARN	TLS certificate errors will be ignored for this session
console.error: Region.jsm: "Error fetching region" (new AbortError("The operation was aborted. ", (void 0), 697))
console.error: Region.jsm: "Failed to fetch region" (new Error("NO_RESULT", "resource://gre/modules/Region.jsm", 351))
1603144500229	Marionette	INFO	Stopped listening on port 59614

###!!! [Child][RunMessage] Error: Channel closing: too late to send/recv, messages will be lost


###!!! [Child][MessageChannel::SendAndWait] Error: Channel error: cannot send/recv

1603144561852	geckodriver	INFO	Listening on 127.0.0.1:59874
1603144565469	mozrunner::runner	INFO	Running command: "C:\\Program Files\\Mozilla Firefox\\firefox.exe" "--marionette" "-foreground" "-no-remote" "-profile" "C:\\Users\\lexsh\\AppData\\Local\\Temp\\rust_mozprofilevelDnN"
Can't find symbol 'eglSwapBuffersWithDamageEXT'.
JavaScript error: resource://gre/modules/XULStore.jsm, line 66: Error: Can't find profile directory.
JavaScript error: moz-extension://bcd6a1e8-0b79-4f07-b277-fe028ee0ec4c/content/staticNS.js, line 77: ReferenceError: policy is not defined
JavaScript error: , line 0: uncaught exception: Object
JavaScript error: , line 0: TypeError: can't access dead object
1603144567912	Marionette	INFO	Listening on port 59893
extension-storage: migration complete
1603144568123	Marionette	WARN	TLS certificate errors will be ignored for this session
console.error: Region.jsm: "Error fetching region" (new AbortError("The operation was aborted. ", (void 0), 697))
console.error: Region.jsm: "Failed to fetch region" (new Error("NO_RESULT", "resource://gre/modules/Region.jsm", 351))
[Parent 24328, Gecko_IOThread] WARNING: file /builds/worker/checkouts/gecko/ipc/chromium/src/base/process_util_win.cc, line 166
1603144752959	Marionette	INFO	Stopped listening on port 59893

###!!! [Child][RunMessage] Error: Channel closing: too late to send/recv, messages will be lost


###!!! [Child][MessageChannel::SendAndWait] Error: Channel error: cannot send/recv

jsm, line 66: Error: Can't find profile directory.
JavaScript error: moz-extension://bcd6a1e8-0b79-4f07-b277-fe028ee0ec4c/content/staticNS.js, line 77: ReferenceError: policy is not defined
JavaScript error: resource://gre/modules/ExtensionContent.jsm, line 483: TypeError: window is null
1603144671221	Marionette	INFO	Listening on port 60143
extension-storage: migration complete
1603144671379	Marionette	WARN	TLS certificate errors will be ignored for this session
console.error: Region.jsm: "Error fetching region" (new AbortError("The operation was aborted. ", (void 0), 697))
console.error: Region.jsm: "Failed to fetch region" (new Error("NO_RESULT", "resource://gre/modules/Region.jsm", 351))
[Parent 22116, Gecko_IOThread] WARNING: file /builds/worker/checkouts/gecko/ipc/chromium/src/base/process_util_win.cc, line 166
1603144708241	Marionette	INFO	Stopped listening on port 60143

###!!! [Child][RunMessage] Error: Channel closing: too late to send/recv, messages will be lost


###!!! [Child][MessageChannel::SendAndWait] Error: Channel error: cannot send/recv

1603146098858	geckodriver	INFO	Listening on 127.0.0.1:62062
1603146102538	mozrunner::runner	INFO	Running command: "C:\\Program Files\\Mozilla Firefox\\firefox.exe" "--marionette" "-foreground" "-no-remote" "-profile" "C:\\Users\\lexsh\\AppData\\Local\\Temp\\rust_mozprofileBD9hO5"
Can't find symbol 'eglSwapBuffersWithDamageEXT'.
JavaScript error: resource://gre/modules/XULStore.jsm, line 66: Error: Can't find profile directory.
JavaScript error: moz-extension://bcd6a1e8-0b79-4f07-b277-fe028ee0ec4c/content/staticNS.js, line 77: ReferenceError: policy is not defined
JavaScript error: , line 0: uncaught exception: Object
JavaScript error: , line 0: TypeError: can't access dead object
extension-storage: migration complete
1603146105609	Marionette	INFO	Listening on port 62079
1603146105714	Marionette	WARN	TLS certificate errors will be ignored for this session
console.error: Region.jsm: "Error fetching region" (new AbortError("The operation was aborted. ", (void 0), 697))
console.error: Region.jsm: "Failed to fetch region" (new Error("NO_RESULT", "resource://gre/modules/Region.jsm", 351))
[Parent 21244, Gecko_IOThread] WARNING: file /builds/worker/checkouts/gecko/ipc/chromium/src/base/process_util_win.cc, line 166
1603146206700	Marionette	INFO	Stopped listening on port 62079

###!!! [Child][RunMessage] Error: Channel closing: too late to send/recv, messages will be lost


###!!! [Child][MessageChannel::SendAndWait] Error: Channel error: cannot send/recv

1603146234660	geckodriver	INFO	Listening on 127.0.0.1:49166
1603146238257	mozrunner::runner	INFO	Running command: "C:\\Program Files\\Mozilla Firefox\\firefox.exe" "--marionette" "-foreground" "-no-remote" "-profile" "C:\\Users\\lexsh\\AppData\\Local\\Temp\\rust_mozprofileJYKOiW"
Can't find symbol 'eglSwapBuffersWithDamageEXT'.
JavaScript error: resource://gre/modules/XULStore.jsm, line 66: Error: Can't find profile directory.
JavaScript error: moz-extension://bcd6a1e8-0b79-4f07-b277-fe028ee0ec4c/content/staticNS.js, line 77: ReferenceError: policy is not defined
JavaScript error: , line 0: uncaught exception: Object
JavaScript error: , line 0: TypeError: can't access dead object
1603146241043	Marionette	INFO	Listening on port 49184
extension-storage: migration complete
1603146241418	Marionette	WARN	TLS certificate errors will be ignored for this session
console.error: Region.jsm: "Error fetching region" (new AbortError("The operation was aborted. ", (void 0), 697))
console.error: Region.jsm: "Failed to fetch region" (new Error("NO_RESULT", "resource://gre/modules/Region.jsm", 351))
1603146292480	Marionette	INFO	Stopped listening on port 49184

###!!! [Child][RunMessage] Error: Channel closing: too late to send/recv, messages will be lost


###!!! [Child][MessageChannel::SendAndWait] Error: Channel error: cannot send/recv

1603146467567	geckodriver	INFO	Listening on 127.0.0.1:54186
1603146471219	mozrunner::runner	INFO	Running command: "C:\\Program Files\\Mozilla Firefox\\firefox.exe" "--marionette" "-foreground" "-no-remote" "-profile" "C:\\Users\\lexsh\\AppData\\Local\\Temp\\rust_mozprofileVP7n09"
Can't find symbol 'eglSwapBuffersWithDamageEXT'.
JavaScript error: resource://gre/modules/XULStore.jsm, line 66: Error: Can't find profile directory.
JavaScript error: moz-extension://bcd6a1e8-0b79-4f07-b277-fe028ee0ec4c/content/staticNS.js, line 77: ReferenceError: policy is not defined
JavaScript error: , line 0: uncaught exception: Object
JavaScript error: , line 0: TypeError: can't access dead object
extension-storage: migration complete
1603146473873	Marionette	INFO	Listening on port 54197
1603146473887	Marionette	WARN	TLS certificate errors will be ignored for this session
console.error: Region.jsm: "Error fetching region" (new AbortError("The operation was aborted. ", (void 0), 697))
console.error: Region.jsm: "Failed to fetch region" (new Error("NO_RESULT", "resource://gre/modules/Region.jsm", 351))
JavaScript error: https://www.meuip.com.br/vendor/chart.js/Chart.min.js, line 10: TypeError: t is null
JavaScript error: https://pagead2.googlesyndication.com/pagead/js/adsbygoogle.js, line 217: uncaught exception: TagError: adsbygoogle.push() error: Only one 'enable_page_level_ads' allowed per page.
Can't find symbol 'eglSwapBuffersWithDamageEXT'.
JavaScript error: https://www.meuip.com.br/vendor/chart.js/Chart.min.js, line 10: TypeError: t is null
JavaScript error: https://pagead2.googlesyndication.com/pagead/js/adsbygoogle.js, line 217: uncaught exception: TagError: adsbygoogle.push() error: Only one 'enable_page_level_ads' allowed per page.
JavaScript error: https://www.meuip.com.br/vendor/chart.js/Chart.min.js, line 10: TypeError: t is null
JavaScript error: https://pagead2.googlesyndication.com/pagead/js/adsbygoogle.js, line 70: uncaught exception: TagError: adsbygoogle.push() error: Only one 'enable_page_level_ads' allowed per page.
JavaScript error: https://www.meuip.com.br/vendor/chart.js/Chart.min.js, line 10: TypeError: t is null
JavaScript error: https://pagead2.googlesyndication.com/pagead/js/adsbygoogle.js, line 70: uncaught exception: TagError: adsbygoogle.push() error: Only one 'enable_page_level_ads' allowed per page.
1603150038875	Marionette	INFO	Stopped listening on port 54197

###!!! [Child][RunMessage] Error: Channel closing: too late to send/recv, messages will be lost


###!!! [Child][MessageChannel::SendAndWait] Error: Channel error: cannot send/recv

Temp\\rust_mozprofiledgB1Rq"
Can't find symbol 'eglSwapBuffersWithDamageEXT'.
JavaScript error: resource://gre/modules/XULStore.jsm, line 66: Error: Can't find profile directory.
extension-storage: migration complete
1603148059103	Marionette	INFO	Listening on port 57098
1603148059136	Marionette	WARN	TLS certificate errors will be ignored for this session
[Parent 9596, Gecko_IOThread] WARNING: file /builds/worker/checkouts/gecko/ipc/chromium/src/base/process_util_win.cc, line 166
1603150038824	Marionette	INFO	Stopped listening on port 57098

###!!! [Child][MessageChannel::SendAndWait] Error: Channel error: cannot send/recv

"
Can't find symbol 'eglSwapBuffersWithDamageEXT'.
JavaScript error: resource://gre/modules/XULStore.jsm, line 66: Error: Can't find profile directory.
1603148221492	Marionette	INFO	Listening on port 57470
extension-storage: migration complete
1603148221643	Marionette	WARN	TLS certificate errors will be ignored for this session

###!!! [Child][RunMessage] Error: Channel closing: too late to send/recv, messages will be lost

[Parent 7772, Gecko_IOThread] WARNING: file /builds/worker/checkouts/gecko/ipc/chromium/src/base/process_util_win.cc, line 166
1603150038768	Marionette	INFO	Stopped listening on port 57470

###!!! [Child][RunMessage] Error: Channel closing: too late to send/recv, messages will be lost


###!!! [Child][MessageChannel::SendAndWait] Error: Channel error: cannot send/recv

57548
1603148257920	Marionette	WARN	TLS certificate errors will be ignored for this session
extension-storage: migration complete
console.error: Region.jsm: "Error fetching region" (new AbortError("The operation was aborted. ", (void 0), 697))
console.error: Region.jsm: "Failed to fetch region" (new Error("NO_RESULT", "resource://gre/modules/Region.jsm", 351))
[Parent 19128, Gecko_IOThread] WARNING: file /builds/worker/checkouts/gecko/ipc/chromium/src/base/process_util_win.cc, line 166
1603150038721	Marionette	INFO	Stopped listening on port 57548

###!!! [Child][RunMessage] Error: Channel closing: too late to send/recv, messages will be lost


###!!! [Child][MessageChannel::SendAndWait] Error: Channel error: cannot send/recv

jsm, line 66: Error: Can't find profile directory.
JavaScript error: moz-extension://bcd6a1e8-0b79-4f07-b277-fe028ee0ec4c/content/staticNS.js, line 77: ReferenceError: policy is not defined
JavaScript error: , line 0: uncaught exception: Object
JavaScript error: , line 0: TypeError: can't access dead object
extension-storage: migration complete
1603148341054	Marionette	INFO	Listening on port 57823
1603148341085	Marionette	WARN	TLS certificate errors will be ignored for this session
[Parent 11420, Gecko_IOThread] WARNING: file /builds/worker/checkouts/gecko/ipc/chromium/src/base/process_util_win.cc, line 166
1603150038808	Marionette	INFO	Stopped listening on port 57823

###!!! [Child][RunMessage] Error: Channel closing: too late to send/recv, messages will be lost


###!!! [Child][MessageChannel::SendAndWait] Error: Channel error: cannot send/recv

jsm, line 66: Error: Can't find profile directory.
JavaScript error: moz-extension://bcd6a1e8-0b79-4f07-b277-fe028ee0ec4c/content/staticNS.js, line 77: ReferenceError: policy is not defined
JavaScript error: resource://gre/modules/ExtensionContent.jsm, line 483: TypeError: window is null
1603148372595	Marionette	INFO	Listening on port 57903
1603148372762	Marionette	WARN	TLS certificate errors will be ignored for this session
extension-storage: migration complete
[Parent 28012, Gecko_IOThread] WARNING: file /builds/worker/checkouts/gecko/ipc/chromium/src/base/process_util_win.cc, line 166
1603150038824	Marionette	INFO	Stopped listening on port 57903

###!!! [Child][RunMessage] Error: Channel closing: too late to send/recv, messages will be lost


###!!! [Child][MessageChannel::SendAndWait] Error: Channel error: cannot send/recv

jsm, line 66: Error: Can't find profile directory.
JavaScript error: moz-extension://bcd6a1e8-0b79-4f07-b277-fe028ee0ec4c/content/staticNS.js, line 77: ReferenceError: policy is not defined
JavaScript error: , line 0: uncaught exception: Object
JavaScript error: , line 0: TypeError: can't access dead object
extension-storage: migration complete
1603148465178	Marionette	INFO	Listening on port 58026
1603148465201	Marionette	WARN	TLS certificate errors will be ignored for this session
[Parent 16660, Gecko_IOThread] WARNING: file /builds/worker/checkouts/gecko/ipc/chromium/src/base/process_util_win.cc, line 166
1603150038796	Marionette	INFO	Stopped listening on port 58026

###!!! [Child][RunMessage] Error: Channel closing: too late to send/recv, messages will be lost


###!!! [Child][MessageChannel::SendAndWait] Error: Channel error: cannot send/recv

jsm, line 66: Error: Can't find profile directory.
JavaScript error: moz-extension://bcd6a1e8-0b79-4f07-b277-fe028ee0ec4c/content/staticNS.js, line 77: ReferenceError: policy is not defined
JavaScript error: resource://gre/modules/ExtensionContent.jsm, line 483: TypeError: window is null
extension-storage: migration complete
1603148499375	Marionette	INFO	Listening on port 58103
1603148499400	Marionette	WARN	TLS certificate errors will be ignored for this session
[Parent 30260, Gecko_IOThread] WARNING: file /builds/worker/checkouts/gecko/ipc/chromium/src/base/process_util_win.cc, line 166
1603150038912	Marionette	INFO	Stopped listening on port 58103

###!!! [Child][RunMessage] Error: Channel closing: too late to send/recv, messages will be lost


###!!! [Child][MessageChannel::SendAndWait] Error: Channel error: cannot send/recv

1603150047930	geckodriver	INFO	Listening on 127.0.0.1:59230
1603150051543	mozrunner::runner	INFO	Running command: "C:\\Program Files\\Mozilla Firefox\\firefox.exe" "--marionette" "-foreground" "-no-remote" "-profile" "C:\\Users\\lexsh\\AppData\\Local\\Temp\\rust_mozprofileel8r3c"
Can't find symbol 'eglSwapBuffersWithDamageEXT'.
JavaScript error: resource://gre/modules/XULStore.jsm, line 66: Error: Can't find profile directory.
JavaScript error: moz-extension://bcd6a1e8-0b79-4f07-b277-fe028ee0ec4c/content/staticNS.js, line 77: ReferenceError: policy is not defined
JavaScript error: , line 0: uncaught exception: Object
JavaScript error: , line 0: TypeError: can't access dead object
extension-storage: migration complete
1603150054371	Marionette	INFO	Listening on port 59243
1603150054706	Marionette	WARN	TLS certificate errors will be ignored for this session
1603150137469	Marionette	INFO	Stopped listening on port 59243

###!!! [Child][RunMessage] Error: Channel closing: too late to send/recv, messages will be lost


###!!! [Child][MessageChannel::SendAndWait] Error: Channel error: cannot send/recv

Temp\\rust_mozprofileDpefwA"
Can't find symbol 'eglSwapBuffersWithDamageEXT'.
JavaScript error: resource://gre/modules/XULStore.jsm, line 66: Error: Can't find profile directory.
extension-storage: migration complete
1603150080430	Marionette	INFO	Listening on port 59315
1603150080898	Marionette	WARN	TLS certificate errors will be ignored for this session
[Parent 7256, Gecko_IOThread] WARNING: file /builds/worker/checkouts/gecko/ipc/chromium/src/base/process_util_win.cc, line 166
1603150138419	Marionette	INFO	Stopped listening on port 59315

###!!! [Child][RunMessage] Error: Channel closing: too late to send/recv, messages will be lost


###!!! [Child][MessageChannel::SendAndWait] Error: Channel error: cannot send/recv

.jsm, line 66: Error: Can't find profile directory.
JavaScript error: moz-extension://bcd6a1e8-0b79-4f07-b277-fe028ee0ec4c/content/staticNS.js, line 77: ReferenceError: policy is not defined
JavaScript error: resource://gre/modules/ExtensionContent.jsm, line 483: TypeError: window is null
extension-storage: migration complete
1603150106320	Marionette	INFO	Listening on port 59395
1603150106337	Marionette	WARN	TLS certificate errors will be ignored for this session
1603150139381	Marionette	INFO	Stopped listening on port 59395

###!!! [Child][RunMessage] Error: Channel closing: too late to send/recv, messages will be lost


###!!! [Child][MessageChannel::SendAndWait] Error: Channel error: cannot send/recv

1603152606297	geckodriver	INFO	Listening on 127.0.0.1:61319
1603152609967	mozrunner::runner	INFO	Running command: "C:\\Program Files\\Mozilla Firefox\\firefox.exe" "--marionette" "-foreground" "-no-remote" "-profile" "C:\\Users\\lexsh\\AppData\\Local\\Temp\\rust_mozprofile3TbgHw"
Can't find symbol 'eglSwapBuffersWithDamageEXT'.
JavaScript error: resource://gre/modules/XULStore.jsm, line 66: Error: Can't find profile directory.
extension-storage: migration complete
1603152612696	Marionette	INFO	Listening on port 61332
1603152613129	Marionette	WARN	TLS certificate errors will be ignored for this session
[Parent 24820, Gecko_IOThread] WARNING: file /builds/worker/checkouts/gecko/ipc/chromium/src/base/process_util_win.cc, line 166
1603152651042	Marionette	INFO	Stopped listening on port 61332

###!!! [Child][RunMessage] Error: Channel closing: too late to send/recv, messages will be lost


###!!! [Child][MessageChannel::SendAndWait] Error: Channel error: cannot send/recv

jsm, line 66: Error: Can't find profile directory.
JavaScript error: moz-extension://bcd6a1e8-0b79-4f07-b277-fe028ee0ec4c/content/staticNS.js, line 77: ReferenceError: policy is not defined
JavaScript error: resource://gre/modules/ExtensionContent.jsm, line 483: TypeError: window is null
extension-storage: migration complete
1603152644239	Marionette	INFO	Listening on port 61416
1603152644472	Marionette	WARN	TLS certificate errors will be ignored for this session
1603152656395	Marionette	INFO	Stopped listening on port 61416

###!!! [Child][RunMessage] Error: Channel closing: too late to send/recv, messages will be lost


###!!! [Child][MessageChannel::SendAndWait] Error: Channel error: cannot send/recv

1603152815083	geckodriver	INFO	Listening on 127.0.0.1:61790
1603152818725	mozrunner::runner	INFO	Running command: "C:\\Program Files\\Mozilla Firefox\\firefox.exe" "--marionette" "-foreground" "-no-remote" "-profile" "C:\\Users\\lexsh\\AppData\\Local\\Temp\\rust_mozprofileHonYG0"
Can't find symbol 'eglSwapBuffersWithDamageEXT'.
JavaScript error: resource://gre/modules/XULStore.jsm, line 66: Error: Can't find profile directory.
extension-storage: migration complete
1603152821332	Marionette	INFO	Listening on port 61801
1603152821389	Marionette	WARN	TLS certificate errors will be ignored for this session
1603152826967	Marionette	INFO	Stopped listening on port 61801
console.warn: services.settings: main/cfr sync interrupted by shutdown

###!!! [Child][RunMessage] Error: Channel closing: too late to send/recv, messages will be lost


###!!! [Child][MessageChannel::SendAndWait] Error: Channel error: cannot send/recv

1603152856195	geckodriver	INFO	Listening on 127.0.0.1:61867
1603152859812	mozrunner::runner	INFO	Running command: "C:\\Program Files\\Mozilla Firefox\\firefox.exe" "--marionette" "-foreground" "-no-remote" "-profile" "C:\\Users\\lexsh\\AppData\\Local\\Temp\\rust_mozprofileNXxPaP"
Can't find symbol 'eglSwapBuffersWithDamageEXT'.
JavaScript error: resource://gre/modules/XULStore.jsm, line 66: Error: Can't find profile directory.
1603152862371	Marionette	INFO	Listening on port 61882
1603152862468	Marionette	WARN	TLS certificate errors will be ignored for this session
extension-storage: migration complete
1603152866805	Marionette	INFO	Stopped listening on port 61882
[Parent 18164, Gecko_IOThread] WARNING: file /builds/worker/checkouts/gecko/ipc/chromium/src/base/process_util_win.cc, line 166

###!!! [Child][RunMessage] Error: Channel closing: too late to send/recv, messages will be lost


###!!! [Child][MessageChannel::SendAndWait] Error: Channel error: cannot send/recv

1603152893277	geckodriver	INFO	Listening on 127.0.0.1:61952
1603152896910	mozrunner::runner	INFO	Running command: "C:\\Program Files\\Mozilla Firefox\\firefox.exe" "--marionette" "-foreground" "-no-remote" "-profile" "C:\\Users\\lexsh\\AppData\\Local\\Temp\\rust_mozprofileSIUKyl"
Can't find symbol 'eglSwapBuffersWithDamageEXT'.
JavaScript error: resource://gre/modules/XULStore.jsm, line 66: Error: Can't find profile directory.
JavaScript error: moz-extension://bcd6a1e8-0b79-4f07-b277-fe028ee0ec4c/content/staticNS.js, line 77: ReferenceError: policy is not defined
JavaScript error: , line 0: uncaught exception: Object
JavaScript error: , line 0: TypeError: can't access dead object
1603152899540	Marionette	INFO	Listening on port 61961
1603152899548	Marionette	WARN	TLS certificate errors will be ignored for this session
extension-storage: migration complete
1603152903756	Marionette	INFO	Stopped listening on port 61961
[Parent 23684, Gecko_IOThread] WARNING: file /builds/worker/checkouts/gecko/ipc/chromium/src/base/process_util_win.cc, line 166

###!!! [Child][RunMessage] Error: Channel closing: too late to send/recv, messages will be lost


###!!! [Child][MessageChannel::SendAndWait] Error: Channel error: cannot send/recv

1603152969772	geckodriver	INFO	Listening on 127.0.0.1:62126
1603152973465	mozrunner::runner	INFO	Running command: "C:\\Program Files\\Mozilla Firefox\\firefox.exe" "--marionette" "-foreground" "-no-remote" "-profile" "C:\\Users\\lexsh\\AppData\\Local\\Temp\\rust_mozprofilenGg4py"
Can't find symbol 'eglSwapBuffersWithDamageEXT'.
JavaScript error: resource://gre/modules/XULStore.jsm, line 66: Error: Can't find profile directory.
JavaScript error: moz-extension://bcd6a1e8-0b79-4f07-b277-fe028ee0ec4c/content/staticNS.js, line 77: ReferenceError: policy is not defined
JavaScript error: , line 0: uncaught exception: Object
JavaScript error: , line 0: TypeError: can't access dead object
1603152976283	Marionette	INFO	Listening on port 62138
extension-storage: migration complete
1603152976635	Marionette	WARN	TLS certificate errors will be ignored for this session
JavaScript error: https://www.meuip.com.br/vendor/chart.js/Chart.min.js, line 10: TypeError: t is null
JavaScript error: https://pagead2.googlesyndication.com/pagead/js/adsbygoogle.js, line 217: uncaught exception: TagError: adsbygoogle.push() error: Only one 'enable_page_level_ads' allowed per page.
[Parent 15568, Gecko_IOThread] WARNING: file /builds/worker/checkouts/gecko/ipc/chromium/src/base/process_util_win.cc, line 166
1603153040578	Marionette	INFO	Stopped listening on port 62138

###!!! [Child][RunMessage] Error: Channel closing: too late to send/recv, messages will be lost


###!!! [Child][MessageChannel::SendAndWait] Error: Channel error: cannot send/recv

1603153075497	geckodriver	INFO	Listening on 127.0.0.1:62401
1603153079088	mozrunner::runner	INFO	Running command: "C:\\Program Files\\Mozilla Firefox\\firefox.exe" "--marionette" "-foreground" "-no-remote" "-profile" "C:\\Users\\lexsh\\AppData\\Local\\Temp\\rust_mozprofileOoBohK"
Can't find symbol 'eglSwapBuffersWithDamageEXT'.
JavaScript error: resource://gre/modules/XULStore.jsm, line 66: Error: Can't find profile directory.
JavaScript error: moz-extension://bcd6a1e8-0b79-4f07-b277-fe028ee0ec4c/content/staticNS.js, line 77: ReferenceError: policy is not defined
JavaScript error: resource://gre/modules/ExtensionContent.jsm, line 483: TypeError: window is null
1603153081635	Marionette	INFO	Listening on port 62413
1603153081725	Marionette	WARN	TLS certificate errors will be ignored for this session
extension-storage: migration complete
1603153093913	Marionette	INFO	Stopped listening on port 62413

###!!! [Child][RunMessage] Error: Channel closing: too late to send/recv, messages will be lost


###!!! [Child][MessageChannel::SendAndWait] Error: Channel error: cannot send/recv

1603153113262	geckodriver	INFO	Listening on 127.0.0.1:62480
1603153116863	mozrunner::runner	INFO	Running command: "C:\\Program Files\\Mozilla Firefox\\firefox.exe" "--marionette" "-foreground" "-no-remote" "-profile" "C:\\Users\\lexsh\\AppData\\Local\\Temp\\rust_mozprofileCCrpRy"
Can't find symbol 'eglSwapBuffersWithDamageEXT'.
JavaScript error: resource://gre/modules/XULStore.jsm, line 66: Error: Can't find profile directory.
JavaScript error: moz-extension://bcd6a1e8-0b79-4f07-b277-fe028ee0ec4c/content/staticNS.js, line 77: ReferenceError: policy is not defined
JavaScript error: resource://gre/modules/ExtensionContent.jsm, line 483: TypeError: window is null
extension-storage: migration complete
1603153119604	Marionette	INFO	Listening on port 62496
1603153120040	Marionette	WARN	TLS certificate errors will be ignored for this session
1603153149321	Marionette	INFO	Stopped listening on port 62496

###!!! [Child][RunMessage] Error: Channel closing: too late to send/recv, messages will be lost


###!!! [Child][MessageChannel::SendAndWait] Error: Channel error: cannot send/recv

1603153394990	geckodriver	INFO	Listening on 127.0.0.1:62881
1603153398630	mozrunner::runner	INFO	Running command: "C:\\Program Files\\Mozilla Firefox\\firefox.exe" "--marionette" "-foreground" "-no-remote" "-profile" "C:\\Users\\lexsh\\AppData\\Local\\Temp\\rust_mozprofilehIkW6e"
Can't find symbol 'eglSwapBuffersWithDamageEXT'.
JavaScript error: resource://gre/modules/XULStore.jsm, line 66: Error: Can't find profile directory.
JavaScript error: moz-extension://bcd6a1e8-0b79-4f07-b277-fe028ee0ec4c/content/staticNS.js, line 77: ReferenceError: policy is not defined
JavaScript error: , line 0: uncaught exception: Object
JavaScript error: , line 0: TypeError: can't access dead object
extension-storage: migration complete
1603153401259	Marionette	INFO	Listening on port 62893
1603153401301	Marionette	WARN	TLS certificate errors will be ignored for this session
[Parent 17372, Gecko_IOThread] WARNING: file /builds/worker/checkouts/gecko/ipc/chromium/src/base/process_util_win.cc, line 166
1603153451107	Marionette	INFO	Stopped listening on port 62893

###!!! [Child][RunMessage] Error: Channel closing: too late to send/recv, messages will be lost


###!!! [Child][MessageChannel::SendAndWait] Error: Channel error: cannot send/recv

1603153481159	geckodriver	INFO	Listening on 127.0.0.1:63046
1603153484745	mozrunner::runner	INFO	Running command: "C:\\Program Files\\Mozilla Firefox\\firefox.exe" "--marionette" "-foreground" "-no-remote" "-profile" "C:\\Users\\lexsh\\AppData\\Local\\Temp\\rust_mozprofileayGKGD"
Can't find symbol 'eglSwapBuffersWithDamageEXT'.
JavaScript error: resource://gre/modules/XULStore.jsm, line 66: Error: Can't find profile directory.
JavaScript error: moz-extension://bcd6a1e8-0b79-4f07-b277-fe028ee0ec4c/content/staticNS.js, line 77: ReferenceError: policy is not defined
JavaScript error: , line 0: uncaught exception: Object
JavaScript error: , line 0: TypeError: can't access dead object
extension-storage: migration complete
1603153487443	Marionette	INFO	Listening on port 63060
1603153487911	Marionette	WARN	TLS certificate errors will be ignored for this session
1603153554160	Marionette	INFO	Stopped listening on port 63060

###!!! [Child][RunMessage] Error: Channel closing: too late to send/recv, messages will be lost


###!!! [Child][MessageChannel::SendAndWait] Error: Channel error: cannot send/recv

Temp\\rust_mozprofile0oNcN0"
Can't find symbol 'eglSwapBuffersWithDamageEXT'.
JavaScript error: resource://gre/modules/XULStore.jsm, line 66: Error: Can't find profile directory.
1603153515842	Marionette	INFO	Listening on port 63141
extension-storage: migration complete
1603153516195	Marionette	WARN	TLS certificate errors will be ignored for this session
[Parent 29476, Gecko_IOThread] WARNING: file /builds/worker/checkouts/gecko/ipc/chromium/src/base/process_util_win.cc, line 166
1603153556727	Marionette	INFO	Stopped listening on port 63141

###!!! [Child][RunMessage] Error: Channel closing: too late to send/recv, messages will be lost


###!!! [Child][MessageChannel::SendAndWait] Error: Channel error: cannot send/recv

1603153578882	geckodriver	INFO	Listening on 127.0.0.1:63285
1603153582520	mozrunner::runner	INFO	Running command: "C:\\Program Files\\Mozilla Firefox\\firefox.exe" "--marionette" "-foreground" "-no-remote" "-profile" "C:\\Users\\lexsh\\AppData\\Local\\Temp\\rust_mozprofile0h1Rd7"
Can't find symbol 'eglSwapBuffersWithDamageEXT'.
JavaScript error: resource://gre/modules/XULStore.jsm, line 66: Error: Can't find profile directory.
JavaScript error: moz-extension://bcd6a1e8-0b79-4f07-b277-fe028ee0ec4c/content/staticNS.js, line 77: ReferenceError: policy is not defined
JavaScript error: resource://gre/modules/ExtensionContent.jsm, line 483: TypeError: window is null
1603153585255	Marionette	INFO	Listening on port 63298
extension-storage: migration complete
1603153585670	Marionette	WARN	TLS certificate errors will be ignored for this session
1603153612249	Marionette	INFO	Stopped listening on port 63298

###!!! [Child][RunMessage] Error: Channel closing: too late to send/recv, messages will be lost


###!!! [Child][MessageChannel::SendAndWait] Error: Channel error: cannot send/recv

1603153618046	geckodriver	INFO	Listening on 127.0.0.1:63372
1603153621664	mozrunner::runner	INFO	Running command: "C:\\Program Files\\Mozilla Firefox\\firefox.exe" "--marionette" "-foreground" "-no-remote" "-profile" "C:\\Users\\lexsh\\AppData\\Local\\Temp\\rust_mozprofile0R1uJJ"
Can't find symbol 'eglSwapBuffersWithDamageEXT'.
JavaScript error: resource://gre/modules/XULStore.jsm, line 66: Error: Can't find profile directory.
JavaScript error: moz-extension://bcd6a1e8-0b79-4f07-b277-fe028ee0ec4c/content/staticNS.js, line 77: ReferenceError: policy is not defined
JavaScript error: , line 0: uncaught exception: Object
JavaScript error: , line 0: TypeError: can't access dead object
1603153624433	Marionette	INFO	Listening on port 63385
extension-storage: migration complete
1603153624825	Marionette	WARN	TLS certificate errors will be ignored for this session
1603153714289	Marionette	INFO	Stopped listening on port 63385

###!!! [Child][RunMessage] Error: Channel closing: too late to send/recv, messages will be lost


###!!! [Child][MessageChannel::SendAndWait] Error: Channel error: cannot send/recv

Temp\\rust_mozprofilePtC6K4"
Can't find symbol 'eglSwapBuffersWithDamageEXT'.
JavaScript error: resource://gre/modules/XULStore.jsm, line 66: Error: Can't find profile directory.
JavaScript error: moz-extension://bcd6a1e8-0b79-4f07-b277-fe028ee0ec4c/content/staticNS.js, line 77: ReferenceError: policy is not defined
JavaScript error: resource://gre/modules/ExtensionContent.jsm, line 483: TypeError: window is null
1603153650717	Marionette	INFO	Listening on port 63469
1603153650761	Marionette	WARN	TLS certificate errors will be ignored for this session
extension-storage: migration complete
1603153662636	Marionette	INFO	Stopped listening on port 63469

###!!! [Child][RunMessage] Error: Channel closing: too late to send/recv, messages will be lost


###!!! [Child][MessageChannel::SendAndWait] Error: Channel error: cannot send/recv

1603153668471	geckodriver	INFO	Listening on 127.0.0.1:63528
1603153672054	mozrunner::runner	INFO	Running command: "C:\\Program Files\\Mozilla Firefox\\firefox.exe" "--marionette" "-foreground" "-no-remote" "-profile" "C:\\Users\\lexsh\\AppData\\Local\\Temp\\rust_mozprofileyVG7JO"
Can't find symbol 'eglSwapBuffersWithDamageEXT'.
JavaScript error: resource://gre/modules/XULStore.jsm, line 66: Error: Can't find profile directory.
1603153674858	Marionette	INFO	Listening on port 63542
extension-storage: migration complete
1603153675227	Marionette	WARN	TLS certificate errors will be ignored for this session
1603153704017	Marionette	INFO	Stopped listening on port 63542

###!!! [Child][RunMessage] Error: Channel closing: too late to send/recv, messages will be lost


###!!! [Child][MessageChannel::SendAndWait] Error: Channel error: cannot send/recv

1603153710001	geckodriver	INFO	Listening on 127.0.0.1:63622
1603153713653	mozrunner::runner	INFO	Running command: "C:\\Program Files\\Mozilla Firefox\\firefox.exe" "--marionette" "-foreground" "-no-remote" "-profile" "C:\\Users\\lexsh\\AppData\\Local\\Temp\\rust_mozprofilexFAaF6"
Can't find symbol 'eglSwapBuffersWithDamageEXT'.
JavaScript error: resource://gre/modules/XULStore.jsm, line 66: Error: Can't find profile directory.
extension-storage: migration complete
1603153716781	Marionette	INFO	Listening on port 63635
1603153716820	Marionette	WARN	TLS certificate errors will be ignored for this session
1603153731354	Marionette	INFO	Stopped listening on port 63635

###!!! [Child][RunMessage] Error: Channel closing: too late to send/recv, messages will be lost


###!!! [Child][MessageChannel::SendAndWait] Error: Channel error: cannot send/recv

1603153744986	geckodriver	INFO	Listening on 127.0.0.1:63713
1603153748632	mozrunner::runner	INFO	Running command: "C:\\Program Files\\Mozilla Firefox\\firefox.exe" "--marionette" "-foreground" "-no-remote" "-profile" "C:\\Users\\lexsh\\AppData\\Local\\Temp\\rust_mozprofileXUFvqb"
Can't find symbol 'eglSwapBuffersWithDamageEXT'.
JavaScript error: resource://gre/modules/XULStore.jsm, line 66: Error: Can't find profile directory.
JavaScript error: moz-extension://bcd6a1e8-0b79-4f07-b277-fe028ee0ec4c/content/staticNS.js, line 77: ReferenceError: policy is not defined
JavaScript error: resource://gre/modules/ExtensionContent.jsm, line 483: TypeError: window is null
1603153751288	Marionette	INFO	Listening on port 63724
extension-storage: migration complete
1603153751793	Marionette	WARN	TLS certificate errors will be ignored for this session
1603153776625	Marionette	INFO	Stopped listening on port 63724
[Parent 10988, Gecko_IOThread] WARNING: file /builds/worker/checkouts/gecko/ipc/chromium/src/base/process_util_win.cc, line 166

###!!! [Child][RunMessage] Error: Channel closing: too late to send/recv, messages will be lost


###!!! [Child][MessageChannel::SendAndWait] Error: Channel error: cannot send/recv

1603153782489	geckodriver	INFO	Listening on 127.0.0.1:63797
1603153786102	mozrunner::runner	INFO	Running command: "C:\\Program Files\\Mozilla Firefox\\firefox.exe" "--marionette" "-foreground" "-no-remote" "-profile" "C:\\Users\\lexsh\\AppData\\Local\\Temp\\rust_mozprofilejGYJr5"
Can't find symbol 'eglSwapBuffersWithDamageEXT'.
JavaScript error: resource://gre/modules/XULStore.jsm, line 66: Error: Can't find profile directory.
extension-storage: migration complete
1603153788655	Marionette	INFO	Listening on port 63811
1603153788761	Marionette	WARN	TLS certificate errors will be ignored for this session
[Parent 17448, Gecko_IOThread] WARNING: file /builds/worker/checkouts/gecko/ipc/chromium/src/base/process_util_win.cc, line 166
1603153835126	Marionette	INFO	Stopped listening on port 63811

###!!! [Child][RunMessage] Error: Channel closing: too late to send/recv, messages will be lost


###!!! [Child][MessageChannel::SendAndWait] Error: Channel error: cannot send/recv

1603154471430	geckodriver	INFO	Listening on 127.0.0.1:64921
1603154475048	mozrunner::runner	INFO	Running command: "C:\\Program Files\\Mozilla Firefox\\firefox.exe" "--marionette" "-foreground" "-no-remote" "-profile" "C:\\Users\\lexsh\\AppData\\Local\\Temp\\rust_mozprofilenEaj9I"
Can't find symbol 'eglSwapBuffersWithDamageEXT'.
JavaScript error: resource://gre/modules/XULStore.jsm, line 66: Error: Can't find profile directory.
JavaScript error: moz-extension://bcd6a1e8-0b79-4f07-b277-fe028ee0ec4c/content/staticNS.js, line 77: ReferenceError: policy is not defined
JavaScript error: , line 0: uncaught exception: Object
JavaScript error: , line 0: TypeError: can't access dead object
extension-storage: migration complete
1603154477678	Marionette	INFO	Listening on port 64932
1603154477721	Marionette	WARN	TLS certificate errors will be ignored for this session
1603154516906	Marionette	INFO	Stopped listening on port 64932

###!!! [Child][MessageChannel::SendAndWait] Error: Channel error: cannot send/recv

1603154519887	geckodriver	INFO	Listening on 127.0.0.1:65003
1603154523487	mozrunner::runner	INFO	Running command: "C:\\Program Files\\Mozilla Firefox\\firefox.exe" "--marionette" "-foreground" "-no-remote" "-profile" "C:\\Users\\lexsh\\AppData\\Local\\Temp\\rust_mozprofileqLCM2k"
Can't find symbol 'eglSwapBuffersWithDamageEXT'.
JavaScript error: resource://gre/modules/XULStore.jsm, line 66: Error: Can't find profile directory.
JavaScript error: moz-extension://bcd6a1e8-0b79-4f07-b277-fe028ee0ec4c/content/staticNS.js, line 77: ReferenceError: policy is not defined
JavaScript error: resource://gre/modules/ExtensionContent.jsm, line 483: TypeError: window is null
1603154526119	Marionette	INFO	Listening on port 65017
1603154526270	Marionette	WARN	TLS certificate errors will be ignored for this session
extension-storage: migration complete
1603154593459	Marionette	INFO	Stopped listening on port 65017

###!!! [Child][RunMessage] Error: Channel closing: too late to send/recv, messages will be lost


###!!! [Child][MessageChannel::SendAndWait] Error: Channel error: cannot send/recv

1603154596308	geckodriver	INFO	Listening on 127.0.0.1:65104
1603154599954	mozrunner::runner	INFO	Running command: "C:\\Program Files\\Mozilla Firefox\\firefox.exe" "--marionette" "-foreground" "-no-remote" "-profile" "C:\\Users\\lexsh\\AppData\\Local\\Temp\\rust_mozprofilenv4KQF"
Can't find symbol 'eglSwapBuffersWithDamageEXT'.
JavaScript error: resource://gre/modules/XULStore.jsm, line 66: Error: Can't find profile directory.
JavaScript error: moz-extension://bcd6a1e8-0b79-4f07-b277-fe028ee0ec4c/content/staticNS.js, line 77: ReferenceError: policy is not defined
JavaScript error: , line 0: uncaught exception: Object
JavaScript error: , line 0: TypeError: can't access dead object
extension-storage: migration complete
1603154602743	Marionette	INFO	Listening on port 65115
1603154603117	Marionette	WARN	TLS certificate errors will be ignored for this session
1603154642266	Marionette	INFO	Stopped listening on port 65115

###!!! [Child][RunMessage] Error: Channel closing: too late to send/recv, messages will be lost


###!!! [Child][MessageChannel::SendAndWait] Error: Channel error: cannot send/recv

1603154645115	geckodriver	INFO	Listening on 127.0.0.1:65202
1603154648750	mozrunner::runner	INFO	Running command: "C:\\Program Files\\Mozilla Firefox\\firefox.exe" "--marionette" "-foreground" "-no-remote" "-profile" "C:\\Users\\lexsh\\AppData\\Local\\Temp\\rust_mozprofileEpW38E"
Can't find symbol 'eglSwapBuffersWithDamageEXT'.
JavaScript error: resource://gre/modules/XULStore.jsm, line 66: Error: Can't find profile directory.
JavaScript error: moz-extension://bcd6a1e8-0b79-4f07-b277-fe028ee0ec4c/content/staticNS.js, line 77: ReferenceError: policy is not defined
JavaScript error: , line 0: uncaught exception: Object
JavaScript error: , line 0: TypeError: can't access dead object
extension-storage: migration complete
1603154651647	Marionette	INFO	Listening on port 65216
1603154651935	Marionette	WARN	TLS certificate errors will be ignored for this session
console.error: Region.jsm: "Error fetching region" (new AbortError("The operation was aborted. ", (void 0), 697))
console.error: Region.jsm: "Failed to fetch region" (new Error("NO_RESULT", "resource://gre/modules/Region.jsm", 351))
